<?xml version="1.0" encoding="UTF-8"?>
<robot generator="Robot 7.2 (Python 3.13.1 on win32)" generated="2025-02-21T15:10:51.691617" rpa="false" schemaversion="5">
<suite id="s1" name="VG del Wille" source="c:\Users\wille\Documents\github repos\Lab1-Continuous-Integration\VG_del_Wille.robot">
<test id="s1-t1" name="Booking Safari" line="33">
<kw name="Setup Suite" owner="keywords" type="SETUP">
<kw name="Open Browser To Page" owner="keywords">
<kw name="Open Browser" owner="SeleniumLibrary">
<msg time="2025-02-21T15:10:51.933403" level="INFO">Opening browser 'chrome' to base url 'file:///C:/Users/wille/Documents/github repos/Lab1-Continuous-Integration/Homepage\jurap.html'.</msg>
<arg>${url}</arg>
<arg>${browser}</arg>
<doc>Opens a new browser instance to the optional ``url``.</doc>
<status status="PASS" start="2025-02-21T15:10:51.933157" elapsed="1.221074"/>
</kw>
<kw name="Title Should Be" owner="SeleniumLibrary">
<msg time="2025-02-21T15:10:53.158596" level="INFO">Page title is 'Jura-Stina-Kalle Park'.</msg>
<arg>${title}</arg>
<doc>Verifies that the current page title equals ``title``.</doc>
<status status="PASS" start="2025-02-21T15:10:53.154615" elapsed="0.004199"/>
</kw>
<arg>${url}</arg>
<arg>${browser}</arg>
<arg>${title}</arg>
<status status="PASS" start="2025-02-21T15:10:51.932341" elapsed="1.226619"/>
</kw>
<kw name="Registration" owner="keywords">
<kw name="Click Specific Button" owner="keywords">
<kw name="Click Element" owner="SeleniumLibrary">
<msg time="2025-02-21T15:10:53.160472" level="INFO">Clicking element 'xpath=/html/body/header/div/nav/ul/li[2]/a'.</msg>
<arg>${button}</arg>
<doc>Click the element identified by ``locator``.</doc>
<status status="PASS" start="2025-02-21T15:10:53.160127" elapsed="0.046515"/>
</kw>
<arg>${regin_button}</arg>
<status status="PASS" start="2025-02-21T15:10:53.159787" elapsed="0.047047"/>
</kw>
<kw name="Input Credentials" owner="keywords">
<kw name="Input Text" owner="SeleniumLibrary">
<msg time="2025-02-21T15:10:53.207956" level="INFO">Typing text 'testUser2' into text field 'reg-username'.</msg>
<arg>${username_space}</arg>
<arg>${username}</arg>
<doc>Types the given ``text`` into the text field identified by ``locator``.</doc>
<status status="PASS" start="2025-02-21T15:10:53.207580" elapsed="0.059580"/>
</kw>
<kw name="Input Text" owner="SeleniumLibrary">
<msg time="2025-02-21T15:10:53.267675" level="INFO">Typing text 'testPassword2' into text field 'reg-password'.</msg>
<arg>${password_space}</arg>
<arg>${password}</arg>
<doc>Types the given ``text`` into the text field identified by ``locator``.</doc>
<status status="PASS" start="2025-02-21T15:10:53.267405" elapsed="0.045336"/>
</kw>
<arg>${username}</arg>
<arg>${username_text_box}</arg>
<arg>${password}</arg>
<arg>${password_text_box}</arg>
<status status="PASS" start="2025-02-21T15:10:53.207018" elapsed="0.105898"/>
</kw>
<kw name="Click Element" owner="SeleniumLibrary">
<msg time="2025-02-21T15:10:53.313320" level="INFO">Clicking element 'xpath=/html/body/main/article[2]/section/form/button'.</msg>
<arg>${reg_sub_button}</arg>
<doc>Click the element identified by ``locator``.</doc>
<status status="PASS" start="2025-02-21T15:10:53.313081" elapsed="0.034812"/>
</kw>
<arg>${username}</arg>
<arg>${username_text_box}</arg>
<arg>${password}</arg>
<arg>${password_text_box}</arg>
<arg>${regin_button}</arg>
<arg>${reg_sub_button}</arg>
<status status="PASS" start="2025-02-21T15:10:53.159167" elapsed="0.188900"/>
</kw>
<arg>${url_demo}</arg>
<arg>${browser}</arg>
<arg>${title_demo}</arg>
<arg>${valid_username}</arg>
<arg>${reg_username_text_box}</arg>
<arg>${valid_password}</arg>
<arg>${reg_password_text_box}</arg>
<arg>${reg_button}</arg>
<arg>${reg_submit_button}</arg>
<status status="PASS" start="2025-02-21T15:10:51.931723" elapsed="1.416454"/>
</kw>
<kw name="Given The User Is Logged In To Their Account" owner="keywords">
<kw name="Click Specific Button" owner="keywords">
<kw name="Click Element" owner="SeleniumLibrary">
<msg time="2025-02-21T15:10:53.349741" level="INFO">Clicking element 'login-nav'.</msg>
<arg>${button}</arg>
<doc>Click the element identified by ``locator``.</doc>
<status status="PASS" start="2025-02-21T15:10:53.349548" elapsed="0.035596"/>
</kw>
<arg>${login_tab}</arg>
<status status="PASS" start="2025-02-21T15:10:53.349290" elapsed="0.036123"/>
</kw>
<kw name="Input Credentials" owner="keywords">
<kw name="Input Text" owner="SeleniumLibrary">
<msg time="2025-02-21T15:10:53.386224" level="INFO">Typing text 'testUser2' into text field 'login-username'.</msg>
<arg>${username_space}</arg>
<arg>${username}</arg>
<doc>Types the given ``text`` into the text field identified by ``locator``.</doc>
<status status="PASS" start="2025-02-21T15:10:53.386002" elapsed="0.042874"/>
</kw>
<kw name="Input Text" owner="SeleniumLibrary">
<msg time="2025-02-21T15:10:53.429349" level="INFO">Typing text 'testPassword2' into text field 'login-password'.</msg>
<arg>${password_space}</arg>
<arg>${password}</arg>
<doc>Types the given ``text`` into the text field identified by ``locator``.</doc>
<status status="PASS" start="2025-02-21T15:10:53.429092" elapsed="0.043925"/>
</kw>
<arg>${username}</arg>
<arg>${username_field}</arg>
<arg>${password}</arg>
<arg>${password_field}</arg>
<status status="PASS" start="2025-02-21T15:10:53.385608" elapsed="0.087580"/>
</kw>
<kw name="Click Specific Button" owner="keywords">
<kw name="Click Element" owner="SeleniumLibrary">
<msg time="2025-02-21T15:10:53.473866" level="INFO">Clicking element 'xpath=/html/body/main/article[3]/section/form/button'.</msg>
<arg>${button}</arg>
<doc>Click the element identified by ``locator``.</doc>
<status status="PASS" start="2025-02-21T15:10:53.473675" elapsed="0.033679"/>
</kw>
<arg>${submit_login_button}</arg>
<status status="PASS" start="2025-02-21T15:10:53.473369" elapsed="0.034171"/>
</kw>
<kw name="Sleep" owner="BuiltIn">
<msg time="2025-02-21T15:10:56.508122" level="INFO">Slept 3 seconds.</msg>
<arg>3</arg>
<doc>Pauses the test executed for the given time.</doc>
<status status="PASS" start="2025-02-21T15:10:53.507696" elapsed="3.000738"/>
</kw>
<arg>${login_button}</arg>
<arg>${valid_username}</arg>
<arg>${valid_password}</arg>
<arg>${login_username_text_box}</arg>
<arg>${login_password_text_box}</arg>
<arg>${login_submit_button}</arg>
<status status="PASS" start="2025-02-21T15:10:53.348783" elapsed="3.159797"/>
</kw>
<kw name="And User Books A Ticket" owner="keywords">
<kw name="Click Specific Button" owner="keywords">
<kw name="Click Element" owner="SeleniumLibrary">
<msg time="2025-02-21T15:10:56.510247" level="INFO">Clicking element 'xpath=/html/body/header/div/nav/ul/li[4]/a'.</msg>
<arg>${button}</arg>
<doc>Click the element identified by ``locator``.</doc>
<status status="PASS" start="2025-02-21T15:10:56.510025" elapsed="0.037179"/>
</kw>
<arg>${buy_ticket_button}</arg>
<status status="PASS" start="2025-02-21T15:10:56.509725" elapsed="0.037645"/>
</kw>
<kw name="Sleep" owner="BuiltIn">
<msg time="2025-02-21T15:11:01.548307" level="INFO">Slept 5 seconds.</msg>
<arg>5</arg>
<doc>Pauses the test executed for the given time.</doc>
<status status="PASS" start="2025-02-21T15:10:56.547522" elapsed="5.001020"/>
</kw>
<kw name="Select From List By Value" owner="SeleniumLibrary">
<msg time="2025-02-21T15:11:01.549064" level="INFO">Selecting options from selection list 'xpath=/html/body/main/article[4]/section/form/select[1]' by value Adult.</msg>
<arg>${type_field}</arg>
<arg>${type}</arg>
<doc>Selects options from selection list ``locator`` by ``values``.</doc>
<status status="PASS" start="2025-02-21T15:11:01.548753" elapsed="0.027339"/>
</kw>
<kw name="Select From List By Value" owner="SeleniumLibrary">
<msg time="2025-02-21T15:11:01.576570" level="INFO">Selecting options from selection list 'xpath=/html/body/main/article[4]/section/form/select[2]' by value Regular.</msg>
<arg>${cat_field}</arg>
<arg>${cat}</arg>
<doc>Selects options from selection list ``locator`` by ``values``.</doc>
<status status="PASS" start="2025-02-21T15:11:01.576309" elapsed="0.021825"/>
</kw>
<kw name="Sleep" owner="BuiltIn">
<msg time="2025-02-21T15:11:06.598941" level="INFO">Slept 5 seconds.</msg>
<arg>5</arg>
<doc>Pauses the test executed for the given time.</doc>
<status status="PASS" start="2025-02-21T15:11:01.598499" elapsed="5.000671"/>
</kw>
<kw name="Click Button" owner="SeleniumLibrary">
<msg time="2025-02-21T15:11:06.599646" level="INFO">Clicking button 'xpath=/html/body/main/article[4]/section/form/button'.</msg>
<arg>${add_to_cart_button}</arg>
<doc>Clicks the button identified by ``locator``.</doc>
<status status="PASS" start="2025-02-21T15:11:06.599374" elapsed="0.055216"/>
</kw>
<arg>${regular_ticket}</arg>
<arg>${adult_ticket_type}</arg>
<arg>${ticket_type_field}</arg>
<arg>${ticket_cat_field}</arg>
<arg>${input_of_ticket_counter}</arg>
<arg>${buy_ticket_button}</arg>
<arg>${add_to_cart_button}</arg>
<arg>${add_to_cart_message_successful}</arg>
<status status="PASS" start="2025-02-21T15:10:56.509096" elapsed="10.145668"/>
</kw>
<kw name="When User Books A Safari" owner="keywords">
<kw name="Book Safari" owner="keywords">
<kw name="Click Element" owner="SeleniumLibrary">
<msg time="2025-02-21T15:11:06.656599" level="INFO">Clicking element 'xpath=/html/body/header/div/nav/ul/li[5]/a'.</msg>
<msg time="2025-02-21T15:11:06.765283" level="INFO" html="true">&lt;/td&gt;&lt;/tr&gt;&lt;tr&gt;&lt;td colspan="3"&gt;&lt;a href="selenium-screenshot-8.png"&gt;&lt;img src="selenium-screenshot-8.png" width="800px"&gt;&lt;/a&gt;</msg>
<msg time="2025-02-21T15:11:06.765562" level="FAIL">UnexpectedAlertPresentException: Alert Text: Item added to cart!
Message: unexpected alert open: {Alert text : Item added to cart!}
  (Session info: chrome=133.0.6943.127)
Stacktrace:
	GetHandleVerifier [0x00007FF741D66EE5+28773]
	(No symbol) [0x00007FF741CD25D0]
	(No symbol) [0x00007FF741B68FAA]
	(No symbol) [0x00007FF741C1033B]
	(No symbol) [0x00007FF741BE7023]
	(No symbol) [0x00007FF741BAFF5E]
	(No symbol) [0x00007FF741BB11E3]
	GetHandleVerifier [0x00007FF7420B422D+3490733]
	GetHandleVerifier [0x00007FF7420CBA13+3586963]
	GetHandleVerifier [0x00007FF7420C144D+3544525]
	GetHandleVerifier [0x00007FF741E2C9AA+838442]
	(No symbol) [0x00007FF741CDD01F]
	(No symbol) [0x00007FF741CD95E4]
	(No symbol) [0x00007FF741CD9786]
	(No symbol) [0x00007FF741CC8CB9]
	BaseThreadInitThunk [0x00007FFB8A027374+20]
	RtlUserThreadStart [0x00007FFB8A6FCC91+33]
</msg>
<arg>${saf_button}</arg>
<doc>Click the element identified by ``locator``.</doc>
<status status="FAIL" start="2025-02-21T15:11:06.656388" elapsed="0.113025">UnexpectedAlertPresentException: Alert Text: Item added to cart!
Message: unexpected alert open: {Alert text : Item added to cart!}
  (Session info: chrome=133.0.6943.127)
Stacktrace:
	GetHandleVerifier [0x00007FF741D66EE5+28773]
	(No symbol) [0x00007FF741CD25D0]
	(No symbol) [0x00007FF741B68FAA]
	(No symbol) [0x00007FF741C1033B]
	(No symbol) [0x00007FF741BE7023]
	(No symbol) [0x00007FF741BAFF5E]
	(No symbol) [0x00007FF741BB11E3]
	GetHandleVerifier [0x00007FF7420B422D+3490733]
	GetHandleVerifier [0x00007FF7420CBA13+3586963]
	GetHandleVerifier [0x00007FF7420C144D+3544525]
	GetHandleVerifier [0x00007FF741E2C9AA+838442]
	(No symbol) [0x00007FF741CDD01F]
	(No symbol) [0x00007FF741CD95E4]
	(No symbol) [0x00007FF741CD9786]
	(No symbol) [0x00007FF741CC8CB9]
	BaseThreadInitThunk [0x00007FFB8A027374+20]
	RtlUserThreadStart [0x00007FFB8A6FCC91+33]
</status>
</kw>
<kw name="Sleep" owner="BuiltIn">
<arg>5</arg>
<doc>Pauses the test executed for the given time.</doc>
<status status="NOT RUN" start="2025-02-21T15:11:06.769734" elapsed="0.000092"/>
</kw>
<kw name="Input Text" owner="SeleniumLibrary">
<arg>${saf_date_field}</arg>
<arg>${date}</arg>
<doc>Types the given ``text`` into the text field identified by ``locator``.</doc>
<status status="NOT RUN" start="2025-02-21T15:11:06.769961" elapsed="0.000077"/>
</kw>
<kw name="Sleep" owner="BuiltIn">
<arg>5</arg>
<doc>Pauses the test executed for the given time.</doc>
<status status="NOT RUN" start="2025-02-21T15:11:06.770154" elapsed="0.000066"/>
</kw>
<kw name="Select From List By Value" owner="SeleniumLibrary">
<arg>${saf_type_field}</arg>
<arg>${saf_type}</arg>
<doc>Selects options from selection list ``locator`` by ``values``.</doc>
<status status="NOT RUN" start="2025-02-21T15:11:06.770335" elapsed="0.000073"/>
</kw>
<kw name="Sleep" owner="BuiltIn">
<arg>5</arg>
<doc>Pauses the test executed for the given time.</doc>
<status status="NOT RUN" start="2025-02-21T15:11:06.770520" elapsed="0.000064"/>
</kw>
<kw name="Click Element" owner="SeleniumLibrary">
<arg>${saf_sub_button}</arg>
<doc>Click the element identified by ``locator``.</doc>
<status status="NOT RUN" start="2025-02-21T15:11:06.770695" elapsed="0.000065"/>
</kw>
<kw name="Sleep" owner="BuiltIn">
<arg>5</arg>
<doc>Pauses the test executed for the given time.</doc>
<status status="NOT RUN" start="2025-02-21T15:11:06.770865" elapsed="0.000067"/>
</kw>
<kw name="Handle Alert" owner="SeleniumLibrary">
<var>${alert_text}</var>
<arg>action=DISMISS</arg>
<doc>Handles the current alert and returns its message.</doc>
<status status="NOT RUN" start="2025-02-21T15:11:06.771046" elapsed="0.000082"/>
</kw>
<kw name="Should Contain" owner="BuiltIn">
<arg>${alert_text}</arg>
<arg>${add_to_cart_message_successful}</arg>
<doc>Fails if ``container`` does not contain ``item`` one or more times.</doc>
<status status="NOT RUN" start="2025-02-21T15:11:06.771243" elapsed="0.000074"/>
</kw>
<arg>${safari_button}</arg>
<arg>${safari_date_field}</arg>
<arg>${date_for_booking}</arg>
<arg>${safari_type_field}</arg>
<arg>${safari_type_t_rex_rumble}</arg>
<arg>${safari_submit_button}</arg>
<arg>${add_to_cart_message_successful}</arg>
<status status="FAIL" start="2025-02-21T15:11:06.655942" elapsed="0.115529">UnexpectedAlertPresentException: Alert Text: Item added to cart!
Message: unexpected alert open: {Alert text : Item added to cart!}
  (Session info: chrome=133.0.6943.127)
Stacktrace:
	GetHandleVerifier [0x00007FF741D66EE5+28773]
	(No symbol) [0x00007FF741CD25D0]
	(No symbol) [0x00007FF741B68FAA]
	(No symbol) [0x00007FF741C1033B]
	(No symbol) [0x00007FF741BE7023]
	(No symbol) [0x00007FF741BAFF5E]
	(No symbol) [0x00007FF741BB11E3]
	GetHandleVerifier [0x00007FF7420B422D+3490733]
	GetHandleVerifier [0x00007FF7420CBA13+3586963]
	GetHandleVerifier [0x00007FF7420C144D+3544525]
	GetHandleVerifier [0x00007FF741E2C9AA+838442]
	(No symbol) [0x00007FF741CDD01F]
	(No symbol) [0x00007FF741CD95E4]
	(No symbol) [0x00007FF741CD9786]
	(No symbol) [0x00007FF741CC8CB9]
	BaseThreadInitThunk [0x00007FFB8A027374+20]
	RtlUserThreadStart [0x00007FFB8A6FCC91+33]
</status>
</kw>
<kw name="Sleep" owner="BuiltIn">
<arg>5</arg>
<doc>Pauses the test executed for the given time.</doc>
<status status="NOT RUN" start="2025-02-21T15:11:06.771616" elapsed="0.000066"/>
</kw>
<kw name="Click Element" owner="SeleniumLibrary">
<arg>${cart_nav_button}</arg>
<doc>Click the element identified by ``locator``.</doc>
<status status="NOT RUN" start="2025-02-21T15:11:06.771794" elapsed="0.000062"/>
</kw>
<kw name="Sleep" owner="BuiltIn">
<arg>5</arg>
<doc>Pauses the test executed for the given time.</doc>
<status status="NOT RUN" start="2025-02-21T15:11:06.771969" elapsed="0.000063"/>
</kw>
<kw name="Click Element" owner="SeleniumLibrary">
<arg>${pro_to_checkout_button}</arg>
<doc>Click the element identified by ``locator``.</doc>
<status status="NOT RUN" start="2025-02-21T15:11:06.772144" elapsed="0.000060"/>
</kw>
<arg>${safari_button}</arg>
<arg>${safari_date_field}</arg>
<arg>${date_for_booking}</arg>
<arg>${safari_type_field}</arg>
<arg>${safari_type_t_rex_rumble}</arg>
<arg>${safari_submit_button}</arg>
<arg>${add_to_cart_message_successful}</arg>
<arg>${cart_nav_button}</arg>
<arg>${pro_to_checkout_button}</arg>
<status status="FAIL" start="2025-02-21T15:11:06.655281" elapsed="0.117041">UnexpectedAlertPresentException: Alert Text: Item added to cart!
Message: unexpected alert open: {Alert text : Item added to cart!}
  (Session info: chrome=133.0.6943.127)
Stacktrace:
	GetHandleVerifier [0x00007FF741D66EE5+28773]
	(No symbol) [0x00007FF741CD25D0]
	(No symbol) [0x00007FF741B68FAA]
	(No symbol) [0x00007FF741C1033B]
	(No symbol) [0x00007FF741BE7023]
	(No symbol) [0x00007FF741BAFF5E]
	(No symbol) [0x00007FF741BB11E3]
	GetHandleVerifier [0x00007FF7420B422D+3490733]
	GetHandleVerifier [0x00007FF7420CBA13+3586963]
	GetHandleVerifier [0x00007FF7420C144D+3544525]
	GetHandleVerifier [0x00007FF741E2C9AA+838442]
	(No symbol) [0x00007FF741CDD01F]
	(No symbol) [0x00007FF741CD95E4]
	(No symbol) [0x00007FF741CD9786]
	(No symbol) [0x00007FF741CC8CB9]
	BaseThreadInitThunk [0x00007FFB8A027374+20]
	RtlUserThreadStart [0x00007FFB8A6FCC91+33]
</status>
</kw>
<kw name="Sleep" owner="BuiltIn">
<arg>5</arg>
<doc>Pauses the test executed for the given time.</doc>
<status status="NOT RUN" start="2025-02-21T15:11:06.772956" elapsed="0.000117"/>
</kw>
<kw name="Then The Price In The Popup Is Correct" owner="keywords">
<arg>${reg_ticket_trex_rumble_safari}</arg>
<status status="NOT RUN" start="2025-02-21T15:11:06.773416" elapsed="0.000101"/>
</kw>
<kw name="Teardown Suite" owner="keywords" type="TEARDOWN">
<kw name="Close Browser" owner="SeleniumLibrary">
<doc>Closes the current browser.</doc>
<status status="PASS" start="2025-02-21T15:11:06.774130" elapsed="2.106999"/>
</kw>
<status status="PASS" start="2025-02-21T15:11:06.773875" elapsed="2.107457"/>
</kw>
<tag>Wille Virtanen</tag>
<status status="FAIL" start="2025-02-21T15:10:51.931063" elapsed="16.950661">UnexpectedAlertPresentException: Alert Text: Item added to cart!
Message: unexpected alert open: {Alert text : Item added to cart!}
  (Session info: chrome=133.0.6943.127)
Stacktrace:
	GetHandleVerifier [0x00007FF741D66EE5+28773]
	(No symbol) [0x00007FF741CD25D0]
	(No symbol) [0x00007FF741B68FAA]
	(No symbol) [0x00007FF741C1033B]
	(No symbol) [0x00007FF741BE7023]
	(No symbol) [0x00007FF741BAFF5E]
	(No symbol) [0x00007FF741BB11E3]
	GetHandleVerifier [0x00007FF7420B422D+3490733]
	GetHandleVerifier [0x00007FF7420CBA13+3586963]
	GetHandleVerifier [0x00007FF7420C144D+3544525]
	GetHandleVerifier [0x00007FF741E2C9AA+838442]
	(No symbol) [0x00007FF741CDD01F]
	(No symbol) [0x00007FF741CD95E4]
	(No symbol) [0x00007FF741CD9786]
	(No symbol) [0x00007FF741CC8CB9]
	BaseThreadInitThunk [0x00007FFB8A027374+20]
	RtlUserThreadStart [0x00007FFB8A6FCC91+33]
</status>
</test>
<doc>Willes VG part.</doc>
<status status="FAIL" start="2025-02-21T15:10:51.694900" elapsed="17.189330"/>
</suite>
<statistics>
<total>
<stat pass="0" fail="1" skip="0">All Tests</stat>
</total>
<tag>
<stat pass="0" fail="1" skip="0">Wille Virtanen</stat>
</tag>
<suite>
<stat name="VG del Wille" id="s1" pass="0" fail="1" skip="0">VG del Wille</stat>
</suite>
</statistics>
<errors>
<msg time="2025-02-21T15:10:51.927654" level="ERROR">Error in file 'c:\Users\wille\Documents\github repos\Lab1-Continuous-Integration\keywords.robot' on line 3: Library '.venv\Lib\site-packages\robot\libraries\Collections.py' does not exist.</msg>
</errors>
</robot>
